#
# There is insufficient memory for the Java Runtime Environment to continue.
# Native memory allocation (malloc) failed to allocate 32744 bytes for ChunkPool::allocate
# Possible reasons:
#   The system is out of physical RAM or swap space
#   In 32 bit mode, the process size limit was hit
# Possible solutions:
#   Reduce memory load on the system
#   Increase physical memory or swap space
#   Check if swap backing store is full
#   Use 64 bit Java on a 64 bit OS
#   Decrease Java heap size (-Xmx/-Xms)
#   Decrease number of Java threads
#   Decrease Java thread stack sizes (-Xss)
#   Set larger code cache with -XX:ReservedCodeCacheSize=
# This output file may be truncated or incomplete.
#
#  Out of Memory Error (allocation.cpp:273), pid=7100, tid=0x00000000000015a4
#
# JRE version: Java(TM) SE Runtime Environment (8.0_101-b13) (build 1.8.0_101-b13)
# Java VM: Java HotSpot(TM) 64-Bit Server VM (25.101-b13 mixed mode windows-amd64 compressed oops)
# Failed to write core dump. Minidumps are not enabled by default on client versions of Windows
#

---------------  T H R E A D  ---------------

Current thread (0x000000001628d000):  JavaThread "C1 CompilerThread2" daemon [_thread_in_native, id=5540, stack(0x0000000016740000,0x0000000016840000)]

Stack: [0x0000000016740000,0x0000000016840000]
[error occurred during error reporting (printing stack bounds), id 0xc0000005]

Native frames: (J=compiled Java code, j=interpreted, Vv=VM code, C=native code)


Current CompileTask:
C1:   2272  337   !   3       com.android.dx.cf.code.BytecodeArray::parseInstruction (2764 bytes)


---------------  P R O C E S S  ---------------

Java Threads: ( => current thread )
  0x00000000164d1000 JavaThread "pool-1-thread-4" [_thread_in_vm, id=1644, stack(0x0000000016e40000,0x0000000016f40000)]
  0x00000000164d0800 JavaThread "pool-1-thread-3" [_thread_blocked, id=916, stack(0x0000000016d40000,0x0000000016e40000)]
  0x00000000163fb800 JavaThread "pool-1-thread-2" [_thread_in_vm, id=8096, stack(0x0000000016c40000,0x0000000016d40000)]
  0x00000000163f8000 JavaThread "pool-2-thread-1" [_thread_blocked, id=6024, stack(0x0000000016b40000,0x0000000016c40000)]
  0x00000000163e3000 JavaThread "pool-1-thread-1" [_thread_blocked, id=5904, stack(0x0000000016a40000,0x0000000016b40000)]
  0x0000000016293000 JavaThread "Service Thread" daemon [_thread_blocked, id=6608, stack(0x0000000016840000,0x0000000016940000)]
=>0x000000001628d000 JavaThread "C1 CompilerThread2" daemon [_thread_in_native, id=5540, stack(0x0000000016740000,0x0000000016840000)]
  0x0000000016287000 JavaThread "C2 CompilerThread1" daemon [_thread_blocked, id=7088, stack(0x0000000016640000,0x0000000016740000)]
  0x0000000014b2c800 JavaThread "C2 CompilerThread0" daemon [_thread_blocked, id=3004, stack(0x0000000016140000,0x0000000016240000)]
  0x0000000014b2b000 JavaThread "Attach Listener" daemon [_thread_blocked, id=3284, stack(0x0000000016040000,0x0000000016140000)]
  0x0000000014b28000 JavaThread "Signal Dispatcher" daemon [_thread_blocked, id=4756, stack(0x0000000015f40000,0x0000000016040000)]
  0x0000000014aca800 JavaThread "Finalizer" daemon [_thread_blocked, id=952, stack(0x0000000015d40000,0x0000000015e40000)]
  0x00000000023ff000 JavaThread "Reference Handler" daemon [_thread_blocked, id=6772, stack(0x0000000015c40000,0x0000000015d40000)]
  0x0000000002310800 JavaThread "main" [_thread_blocked, id=6500, stack(0x0000000002200000,0x0000000002300000)]

Other Threads:
  0x0000000014aa7800 VMThread [stack: 0x0000000015b40000,0x0000000015c40000] [id=4600]
  0x00000000162f6800 WatcherThread [stack: 0x0000000016940000,0x0000000016a40000] [id=6248]

VM state:not at safepoint (normal execution)

VM Mutex/Monitor currently owned by a thread: None

Heap:
 PSYoungGen      total 18432K, used 7996K [0x00000000eab00000, 0x00000000ebf80000, 0x0000000100000000)
  eden space 15872K, 50% used [0x00000000eab00000,0x00000000eb2cf3e0,0x00000000eba80000)
  from space 2560K, 0% used [0x00000000ebd00000,0x00000000ebd00000,0x00000000ebf80000)
  to   space 2560K, 0% used [0x00000000eba80000,0x00000000eba80000,0x00000000ebd00000)
 ParOldGen       total 42496K, used 0K [0x00000000c0000000, 0x00000000c2980000, 0x00000000eab00000)
  object space 42496K, 0% used [0x00000000c0000000,0x00000000c0000000,0x00000000c2980000)
 Metaspace       used 4956K, capacity 6000K, committed 6272K, reserved 1058816K
  class space    used 549K, capacity 552K, committed 640K, reserved 1048576K

Card table byte_map: [0x00000000117d0000,0x00000000119e0000] byte_map_base: 0x00000000111d0000

Marking Bits: (ParMarkBitMap*) 0x000000006768a6d0
 Begin Bits: [0x0000000011f40000, 0x0000000012f40000)
 End Bits:   [0x0000000012f40000, 0x0000000013f40000)

Polling page: 0x0000000000960000

CodeCache: size=245760Kb used=1802Kb max_used=1813Kb free=243957Kb
 bounds [0x0000000002410000, 0x0000000002680000, 0x0000000011410000]
 total_blobs=601 nmethods=337 adapters=178
 compilation: enabled

Compilation events (10 events):
Event: 2.161 Thread 0x000000001628d000  330       3       com.android.dx.util.FixedSizeList::getOrNull0 (7 bytes)
Event: 2.161 Thread 0x000000001628d000 nmethod 330 0x00000000025d1b10 code [0x00000000025d1c60, 0x00000000025d1dd0]
Event: 2.161 Thread 0x000000001628d000  335       1       com.android.dx.util.MutabilityControl::setImmutable (6 bytes)
Event: 2.161 Thread 0x000000001628d000 nmethod 335 0x00000000025d1850 code [0x00000000025d19a0, 0x00000000025d1ab0]
Event: 2.161 Thread 0x000000001628d000  337   !   3       com.android.dx.cf.code.BytecodeArray::parseInstruction (2764 bytes)
Event: 2.164 Thread 0x0000000014b2c800  348   !   4       com.android.dx.util.FixedSizeList::get0 (47 bytes)
Event: 2.165 Thread 0x0000000014b2c800 nmethod 348 0x00000000025d0090 code [0x00000000025d01c0, 0x00000000025d0278]
Event: 2.174 Thread 0x0000000014b2c800  375       4       com.android.dx.rop.type.Type::getCategory (36 bytes)
Event: 2.175 Thread 0x0000000014b2c800 nmethod 375 0x00000000025d5490 code [0x00000000025d55c0, 0x00000000025d5638]
Event: 2.176 Thread 0x0000000016287000  376       4       java.util.BitSet::checkInvariants (111 bytes)

GC Heap History (0 events):
No events

Deoptimization events (0 events):
No events

Internal exceptions (2 events):
Event: 0.762 Thread 0x0000000002310800 Exception <a 'java/lang/NoSuchMethodError': Method sun.misc.Unsafe.defineClass(Ljava/lang/String;[BII)Ljava/lang/Class; name or signature does not match> (0x00000000eab07cc0) thrown at [C:\re\workspace\8-2-build-windows-amd64-cygwin\jdk8u101\7261\hotspot\s &¹aè?
Event: 0.762 Thread 0x0000000002310800 Exception <a 'java/lang/NoSuchMethodError': Method sun.misc.Unsafe.prefetchRead(Ljava/lang/Object;J)V name or signature does not match> (0x00000000eab07fa8) thrown at [C:\re\workspace\8-2-build-windows-amd64-cygwin\jdk8u101\7261\hotspot\src\share\vm\prims\

Events (10 events):
Event: 2.173 loading class com/android/dx/util/BitIntSet
Event: 2.173 loading class com/android/dx/util/BitIntSet done
Event: 2.174 loading class com/android/dx/util/IntIterator
Event: 2.174 loading class com/android/dx/util/IntIterator done
Event: 2.175 loading class com/android/dx/util/BitIntSet$1
Event: 2.175 loading class com/android/dx/util/BitIntSet$1 done
Event: 2.176 loading class com/android/dx/ssa/SsaRenamer
Event: 2.176 loading class com/android/dx/ssa/SsaRenamer done
Event: 2.176 loading class com/android/dx/ssa/PhiInsn
Event: 2.176 loading class com/android/dx/ssa/PhiInsn done


Dynamic libraries:
0x00007ff753690000 - 0x00007ff7536c7000 	C:\Program Files\Java\jdk1.8.0_101\bin\java.exe
0x00007fffd8af0000 - 0x00007fffd8c9d000 	C:\Windows\SYSTEM32\ntdll.dll
0x00007fffd67d0000 - 0x00007fffd690e000 	C:\Windows\system32\KERNEL32.DLL
0x00007fffd5d30000 - 0x00007fffd5e45000 	C:\Windows\system32\KERNELBASE.dll
0x00007fffd47e0000 - 0x00007fffd486e000 	C:\Windows\system32\apphelp.dll
0x00007fffd1300000 - 0x00007fffd1353000 	C:\Windows\AppPatch\AppPatch64\AcGenral.DLL
0x00007fffd70b0000 - 0x00007fffd715a000 	C:\Windows\system32\msvcrt.dll
0x00007fffd6090000 - 0x00007fffd60be000 	C:\Windows\system32\SspiCli.dll
0x00007fffd8a80000 - 0x00007fffd8ad4000 	C:\Windows\system32\SHLWAPI.dll
0x00007fffd71c0000 - 0x00007fffd7337000 	C:\Windows\system32\USER32.dll
0x00007fffd6410000 - 0x00007fffd65a4000 	C:\Windows\system32\ole32.dll
0x00007fffd7550000 - 0x00007fffd8a78000 	C:\Windows\system32\SHELL32.dll
0x00007fffd5260000 - 0x00007fffd5281000 	C:\Windows\SYSTEM32\USERENV.dll
0x00007fffd65b0000 - 0x00007fffd665a000 	C:\Windows\system32\ADVAPI32.dll
0x00007fffcd270000 - 0x00007fffcd28e000 	C:\Windows\SYSTEM32\MPR.dll
0x00007fffd7410000 - 0x00007fffd7550000 	C:\Windows\system32\RPCRT4.dll
0x00007fffd7160000 - 0x00007fffd71b9000 	C:\Windows\SYSTEM32\sechost.dll
0x00007fffd6e80000 - 0x00007fffd7091000 	C:\Windows\SYSTEM32\combase.dll
0x00007fffd6a70000 - 0x00007fffd6bbf000 	C:\Windows\system32\GDI32.dll
0x00007fffd5c10000 - 0x00007fffd5c25000 	C:\Windows\SYSTEM32\profapi.dll
0x00007fffd4700000 - 0x00007fffd47b2000 	C:\Windows\SYSTEM32\SHCORE.dll
0x00007fffd6790000 - 0x00007fffd67c6000 	C:\Windows\system32\IMM32.DLL
0x00007fffd6910000 - 0x00007fffd6a62000 	C:\Windows\system32\MSCTF.dll
0x00007fffd26b0000 - 0x00007fffd292b000 	C:\Windows\WinSxS\amd64_microsoft.windows.common-controls_6595b64144ccf1df_6.0.9600.18006_none_623f33d3ecbe86e8\COMCTL32.dll
0x00000000669e0000 - 0x0000000066ab2000 	C:\Program Files\Java\jdk1.8.0_101\jre\bin\msvcr100.dll
0x0000000066e70000 - 0x000000006770a000 	C:\Program Files\Java\jdk1.8.0_101\jre\bin\server\jvm.dll
0x00007fffd1670000 - 0x00007fffd1679000 	C:\Windows\SYSTEM32\WSOCK32.dll
0x00007fffd0ed0000 - 0x00007fffd0ef2000 	C:\Windows\SYSTEM32\WINMM.dll
0x00007fffd2b30000 - 0x00007fffd2b3a000 	C:\Windows\SYSTEM32\VERSION.dll
0x00007fffd6ca0000 - 0x00007fffd6ca7000 	C:\Windows\system32\PSAPI.DLL
0x00007fffd6be0000 - 0x00007fffd6c3a000 	C:\Windows\system32\WS2_32.dll
0x00007fffd0d50000 - 0x00007fffd0d7a000 	C:\Windows\SYSTEM32\WINMMBASE.dll
0x00007fffd6e70000 - 0x00007fffd6e79000 	C:\Windows\system32\NSI.dll
0x00007fffd5ce0000 - 0x00007fffd5d2f000 	C:\Windows\SYSTEM32\cfgmgr32.dll
0x00007fffd4900000 - 0x00007fffd4928000 	C:\Windows\SYSTEM32\DEVOBJ.dll
0x0000000066e60000 - 0x0000000066e6f000 	C:\Program Files\Java\jdk1.8.0_101\jre\bin\verify.dll
0x0000000066e30000 - 0x0000000066e59000 	C:\Program Files\Java\jdk1.8.0_101\jre\bin\java.dll
0x0000000066e10000 - 0x0000000066e26000 	C:\Program Files\Java\jdk1.8.0_101\jre\bin\zip.dll

VM Arguments:
jvm_args: -Djava.awt.headless=true -Xmx1024M -Dfile.encoding=windows-1256 -Duser.country=US -Duser.language=en -Duser.variant 
java_command: com.android.dx.command.Main --dex --num-threads=4 --output E:\AmitRestaruant\app\build\intermediates\pre-dexed\debug\com.makeramen-roundedimageview-2.2.1_2b4c25986c91f102b4737584cd80db0021e0e0e8.jar E:\AmitRestaruant\app\build\intermediates\exploded-aar\com.makeramen\roundedimageview\2.2.1\jars\classes.jar
java_class_path (initial): C:\Users\HP\AppData\Local\Android\sdk\build-tools\24.0.3\lib\dx.jar
Launcher Type: SUN_STANDARD

Environment Variables:
PATH=C:\ProgramData\Oracle\Java\javapath;C:\Windows\system32;C:\Windows;C:\Windows\System32\Wbem;C:\Windows\System32\WindowsPowerShell\v1.0\;C:\Program Files\Java\jdk1.8.0_101\bin;C:\Program Files\Java\jre1.8.0_101\bin;C:\Program Files\nodejs\;C:\Users\HP\AppData\Roaming\npm
USERNAME=HP
OS=Windows_NT
PROCESSOR_IDENTIFIER=Intel64 Family 6 Model 37 Stepping 5, GenuineIntel



---------------  S Y S T E M  ---------------

OS: Windows 8.1 , 64 bit Build 9600 (6.3.9600.17415)

CPU:total 4 (2 cores per cpu, 2 threads per core) family 6 model 37 stepping 5, cmov, cx8, fxsr, mmx, sse, sse2, sse3, ssse3, sse4.1, sse4.2, popcnt, aes, clmul, ht, tsc, tscinvbit

Memory: 4k page, physical 4046208k(348504k free), swap 7191936k(10216k free)

vm_info: Java HotSpot(TM) 64-Bit Server VM (25.101-b13) for windows-amd64 JRE (1.8.0_101-b13), built on Jun 22 2016 01:21:29 by "java_re" with MS VC++ 10.0 (VS2010)

time: Fri Dec 16 01:24:39 2016
elapsed time: 2 seconds (0d 0h 0m 2s)

